# JRE version: Java(TM) SE Runtime Environment (17.0.12+8) (build 17.0.12+8-LTS-286)
# Java VM: Java HotSpot(TM) 64-Bit Server VM (17.0.12+8-LTS-286, mixed mode, emulated-client, sharing, tiered, compressed oops, compressed class ptrs, g1 gc, windows-amd64)
GC Precious Log:
 CPUs: 12 total, 12 available
 Memory: 7579M
 Large Page Support: Disabled
 NUMA Support: Disabled
 Compressed Oops: Enabled (32-bit)
 Heap Region Size: 1M
 Heap Min Capacity: 8M
 Heap Initial Capacity: 120M
 Heap Max Capacity: 1896M
 Pre-touch: Disabled
 Parallel Workers: 10
 Concurrent Workers: 3
 Concurrent Refinement Workers: 10
 Periodic GC: Disabled
Heap:
 garbage-first heap   total 65536K, used 17070K [0x0000000089800000, 0x0000000100000000)
  region size 1024K, 3 young (3072K), 3 survivors (3072K)
 Metaspace       used 30987K, committed 31488K, reserved 1114112K
  class space    used 4342K, committed 4608K, reserved 1048576K
GC Heap History (13 events):
Event: 2.074 GC heap before
{Heap before GC invocations=0 (full 0):
 garbage-first heap   total 122880K, used 22528K [0x0000000089800000, 0x0000000100000000)
  region size 1024K, 23 young (23552K), 0 survivors (0K)
 Metaspace       used 7630K, committed 7808K, reserved 1114112K
  class space    used 980K, committed 1024K, reserved 1048576K
}
Event: 2.085 GC heap after
{Heap after GC invocations=1 (full 0):
 garbage-first heap   total 122880K, used 6000K [0x0000000089800000, 0x0000000100000000)
  region size 1024K, 3 young (3072K), 3 survivors (3072K)
 Metaspace       used 7630K, committed 7808K, reserved 1114112K
  class space    used 980K, committed 1024K, reserved 1048576K
}
Event: 2.647 GC heap before
{Heap before GC invocations=1 (full 0):
 garbage-first heap   total 122880K, used 30576K [0x0000000089800000, 0x0000000100000000)
  region size 1024K, 27 young (27648K), 3 survivors (3072K)
 Metaspace       used 12747K, committed 12992K, reserved 1114112K
  class space    used 1716K, committed 1856K, reserved 1048576K
}
Event: 2.653 GC heap after
{Heap after GC invocations=2 (full 0):
 garbage-first heap   total 122880K, used 8035K [0x0000000089800000, 0x0000000100000000)
  region size 1024K, 2 young (2048K), 2 survivors (2048K)
 Metaspace       used 12747K, committed 12992K, reserved 1114112K
  class space    used 1716K, committed 1856K, reserved 1048576K
}
Event: 3.625 GC heap before
{Heap before GC invocations=2 (full 0):
 garbage-first heap   total 122880K, used 62307K [0x0000000089800000, 0x0000000100000000)
  region size 1024K, 57 young (58368K), 2 survivors (2048K)
 Metaspace       used 21209K, committed 21504K, reserved 1114112K
  class space    used 2921K, committed 3072K, reserved 1048576K
}
Event: 3.637 GC heap after
{Heap after GC invocations=3 (full 0):
 garbage-first heap   total 122880K, used 12399K [0x0000000089800000, 0x0000000100000000)
  region size 1024K, 7 young (7168K), 7 survivors (7168K)
 Metaspace       used 21209K, committed 21504K, reserved 1114112K
  class space    used 2921K, committed 3072K, reserved 1048576K
}
Event: 4.230 GC heap before
{Heap before GC invocations=4 (full 0):
 garbage-first heap   total 48128K, used 33903K [0x0000000089800000, 0x0000000100000000)
  region size 1024K, 28 young (28672K), 7 survivors (7168K)
 Metaspace       used 24811K, committed 25344K, reserved 1114112K
  class space    used 3461K, committed 3712K, reserved 1048576K
}
Event: 4.244 GC heap after
{Heap after GC invocations=5 (full 0):
 garbage-first heap   total 48128K, used 14079K [0x0000000089800000, 0x0000000100000000)
  region size 1024K, 2 young (2048K), 2 survivors (2048K)
 Metaspace       used 24811K, committed 25344K, reserved 1114112K
  class space    used 3461K, committed 3712K, reserved 1048576K
}
Event: 4.259 GC heap before
{Heap before GC invocations=5 (full 0):
 garbage-first heap   total 48128K, used 15103K [0x0000000089800000, 0x0000000100000000)
  region size 1024K, 3 young (3072K), 2 survivors (2048K)
 Metaspace       used 24850K, committed 25344K, reserved 1114112K
  class space    used 3468K, committed 3712K, reserved 1048576K
}
Event: 4.265 GC heap after
{Heap after GC invocations=6 (full 0):
 garbage-first heap   total 48128K, used 14733K [0x0000000089800000, 0x0000000100000000)
  region size 1024K, 1 young (1024K), 1 survivors (1024K)
 Metaspace       used 24850K, committed 25344K, reserved 1114112K
  class space    used 3468K, committed 3712K, reserved 1048576K
}
Event: 4.593 GC heap before
{Heap before GC invocations=6 (full 0):
 garbage-first heap   total 48128K, used 34189K [0x0000000089800000, 0x0000000100000000)
  region size 1024K, 20 young (20480K), 1 survivors (1024K)
 Metaspace       used 26827K, committed 27264K, reserved 1114112K
  class space    used 3744K, committed 3968K, reserved 1048576K
}
Event: 4.597 GC heap after
{Heap after GC invocations=7 (full 0):
 garbage-first heap   total 48128K, used 15697K [0x0000000089800000, 0x0000000100000000)
  region size 1024K, 2 young (2048K), 2 survivors (2048K)
 Metaspace       used 26827K, committed 27264K, reserved 1114112K
  class space    used 3744K, committed 3968K, reserved 1048576K
}
Event: 5.363 GC heap before
{Heap before GC invocations=7 (full 0):
 garbage-first heap   total 48128K, used 35153K [0x0000000089800000, 0x0000000100000000)
  region size 1024K, 21 young (21504K), 2 survivors (2048K)
 Metaspace       used 30987K, committed 31488K, reserved 1114112K
  class space    used 4342K, committed 4608K, reserved 1048576K
}

